2024-08-30 06:06:54.703 [info] Reading sessions from keychain...
2024-08-30 06:06:54.774 [info] Getting sessions for read:user,repo,user:email,workflow...
2024-08-30 06:06:54.774 [info] Got 0 sessions for read:user,repo,user:email,workflow...
2024-08-30 06:06:54.863 [info] Getting sessions for all scopes...
2024-08-30 06:06:54.863 [info] Got 0 sessions for ...
2024-08-30 06:07:00.526 [info] Logging in for the following scopes: read:user repo user:email workflow
2024-08-30 06:07:00.680 [info] Trying device code flow... (read:user repo user:email workflow)
2024-08-30 06:08:12.866 [error] User Cancelled
2024-08-30 06:08:17.817 [info] Trying to retrieve PAT... (read:user repo user:email workflow)
2024-08-30 07:01:54.808 [error] User Cancelled
2024-08-30 07:04:23.345 [info] Getting sessions for read:user,repo,user:email,workflow...
2024-08-30 07:04:23.345 [info] Got 0 sessions for read:user,repo,user:email,workflow...
2024-08-30 07:04:25.569 [info] Logging in for the following scopes: read:user repo user:email workflow
2024-08-30 07:04:25.669 [info] Trying device code flow... (read:user repo user:email workflow)
2024-08-30 07:04:47.878 [info] Getting user info...
2024-08-30 07:04:48.260 [info] Got account info!
2024-08-30 07:04:48.261 [info] Storing 1 sessions...
2024-08-30 07:04:48.350 [info] Reading sessions from keychain...
2024-08-30 07:04:48.350 [info] Stored 1 sessions!
2024-08-30 07:04:48.350 [info] Login success!
2024-08-30 07:04:48.423 [info] Got stored sessions!
2024-08-30 07:04:48.423 [info] Got 1 verified sessions.
2024-08-30 07:05:29.047 [info] Getting sessions for read:user,repo,user:email,workflow...
2024-08-30 07:05:29.047 [info] Got 1 sessions for read:user,repo,user:email,workflow...
